=================================== DEMON START ===================================
============================== 2021-06-30 20:55:01 ===================================

  .   ____          _            __ _ _
 /\\ / ___'_ __ _ _(_)_ __  __ _ \ \ \ \
( ( )\___ | '_ | '_| | '_ \/ _` | \ \ \ \
 \\/  ___)| |_)| | | | | || (_| |  ) ) ) )
  '  |____| .__|_| |_|_| |_\__, | / / / /
 =========|_|==============|___/=/_/_/_/
 :: Spring Boot ::                (v2.4.3)

2021-06-30 20:55:02.297  INFO 30480 --- [           main] kr.rlog.batch.Application                : Starting Application v0.0.1 using Java 1.8.0_241 on rojaeui-MacBookPro.local with PID 30480 (/Users/rojae/Documents/R.LOG-Batch/target/batch-0.0.1.jar started by rojae in /Users/rojae)
2021-06-30 20:55:02.299  INFO 30480 --- [           main] kr.rlog.batch.Application                : No active profile set, falling back to default profiles: default
2021-06-30 20:55:03.177  INFO 30480 --- [           main] .s.d.r.c.RepositoryConfigurationDelegate : Bootstrapping Spring Data JPA repositories in DEFAULT mode.
2021-06-30 20:55:03.242  INFO 30480 --- [           main] .s.d.r.c.RepositoryConfigurationDelegate : Finished Spring Data repository scanning in 56 ms. Found 1 JPA repository interfaces.
2021-06-30 20:55:03.903  INFO 30480 --- [           main] o.s.b.w.embedded.tomcat.TomcatWebServer  : Tomcat initialized with port(s): 9090 (http)
2021-06-30 20:55:03.919  INFO 30480 --- [           main] o.apache.catalina.core.StandardService   : Starting service [Tomcat]
2021-06-30 20:55:03.920  INFO 30480 --- [           main] org.apache.catalina.core.StandardEngine  : Starting Servlet engine: [Apache Tomcat/9.0.43]
2021-06-30 20:55:03.986  INFO 30480 --- [           main] o.a.c.c.C.[Tomcat].[localhost].[/]       : Initializing Spring embedded WebApplicationContext
2021-06-30 20:55:03.986  INFO 30480 --- [           main] w.s.c.ServletWebServerApplicationContext : Root WebApplicationContext: initialization completed in 1611 ms
2021-06-30 20:55:04.241  INFO 30480 --- [           main] o.hibernate.jpa.internal.util.LogHelper  : HHH000204: Processing PersistenceUnitInfo [name: default]
2021-06-30 20:55:04.341  INFO 30480 --- [           main] org.hibernate.Version                    : HHH000412: Hibernate ORM core version 5.4.25.Final
2021-06-30 20:55:04.559  INFO 30480 --- [           main] o.hibernate.annotations.common.Version   : HCANN000001: Hibernate Commons Annotations {5.1.2.Final}
2021-06-30 20:55:04.689  INFO 30480 --- [           main] com.zaxxer.hikari.HikariDataSource       : HikariPool-1 - Starting...
2021-06-30 20:55:04.944  INFO 30480 --- [           main] com.zaxxer.hikari.HikariDataSource       : HikariPool-1 - Start completed.
2021-06-30 20:55:04.983  INFO 30480 --- [           main] org.hibernate.dialect.Dialect            : HHH000400: Using dialect: org.hibernate.dialect.MySQL55Dialect
2021-06-30 20:55:07.082  INFO 30480 --- [           main] o.h.e.t.j.p.i.JtaPlatformInitiator       : HHH000490: Using JtaPlatform implementation: [org.hibernate.engine.transaction.jta.platform.internal.NoJtaPlatform]
2021-06-30 20:55:07.097  INFO 30480 --- [           main] j.LocalContainerEntityManagerFactoryBean : Initialized JPA EntityManagerFactory for persistence unit 'default'
2021-06-30 20:55:07.710  INFO 30480 --- [           main] kr.rlog.batch.config.BatchConfig         : ==================================================================== R.LOG 배치 프로그램 시작 ====================================================================
2021-06-30 20:55:07.907  INFO 30480 --- [           main] o.s.s.concurrent.ThreadPoolTaskExecutor  : Initializing ExecutorService 'applicationTaskExecutor'
2021-06-30 20:55:08.492  WARN 30480 --- [           main] o.s.b.a.batch.JpaBatchConfigurer         : JPA does not support custom isolation levels, so locks may not be taken when launching Jobs
2021-06-30 20:55:08.495  INFO 30480 --- [           main] o.s.b.c.r.s.JobRepositoryFactoryBean     : No database type set, using meta data indicating: MYSQL
2021-06-30 20:55:08.515  INFO 30480 --- [           main] o.s.b.c.l.support.SimpleJobLauncher      : No TaskExecutor has been set, defaulting to synchronous executor.
2021-06-30 20:55:08.602  INFO 30480 --- [           main] o.s.b.w.embedded.tomcat.TomcatWebServer  : Tomcat started on port(s): 9090 (http) with context path ''
2021-06-30 20:55:08.611  INFO 30480 --- [           main] kr.rlog.batch.Application                : Started Application in 6.988 seconds (JVM running for 7.48)
2021-06-30 20:55:08.613  INFO 30480 --- [           main] o.s.b.a.b.JobLauncherApplicationRunner   : Running default command line with: [date=1625054101]
2021-06-30 20:55:08.898  INFO 30480 --- [           main] o.s.b.c.l.support.SimpleJobLauncher      : Job: [SimpleJob: [name=job]] launched with the following parameters: [{date=1625054101}]
2021-06-30 20:55:09.242  INFO 30480 --- [           main] o.s.batch.core.job.SimpleStepHandler     : Executing step: [step]
Hibernate: select account0_.id as id1_0_, account0_.created_date as created_2_0_, account0_.modified_date as modified3_0_, account0_.access_token as access_t4_0_, account0_.email as email5_0_, account0_.is_auth as is_auth6_0_, account0_.password as password7_0_, account0_.platform_type as platform8_0_, account0_.profile_image as profile_9_0_, account0_.recv_mail as recv_ma10_0_, account0_.refresh_token as refresh11_0_, account0_.role as role12_0_, account0_.user_name as user_na13_0_ from tbl_account account0_
2021-06-30 20:55:09.502  INFO 30480 --- [           main] kr.rlog.batch.account.AccountService     : ====================================================================ALL ACCOUNT LIST====================================================================
2021-06-30 20:55:09.502  INFO 30480 --- [           main] kr.rlog.batch.account.AccountService     : ===== SIZE : 5
2021-06-30 20:55:09.502  INFO 30480 --- [           main] kr.rlog.batch.account.AccountService     : ===== USER : Account{id=1, platformType=RLOG, email='skdltmwotjd@naver.com', accessToken='null', refreshToken='null', password='{bcrypt}$2a$10$.RCQnkSVtzpetWXwHFDoOe9pTXtW795Ntnr0u85qoW2DejnGT5k1m', userName='Rojae', profileImage='http://localhost:8080/image/84', role='ADMIN', isAuth=true}
2021-06-30 20:55:09.502  INFO 30480 --- [           main] kr.rlog.batch.account.AccountService     : ===== USER : Account{id=2, platformType=KAKAO, email='sesh5@daum.net', accessToken='jVAaapprVT5rLf02LyNpGloXXLNsjHFnlIlECwopyNgAAAF4ajffow', refreshToken='null', password='a60b1220-9a7b-400b-bfab-77ac15c149a9', userName='오서윤', profileImage='http://k.kakaocdn.net/dn/dCnyQg/btqZBee8L7O/ZpPgHFr0QjblksDcwTf6fK/img_640x640.jpg', role='USER', isAuth=true}
2021-06-30 20:55:09.502  INFO 30480 --- [           main] kr.rlog.batch.account.AccountService     : ===== USER : Account{id=3, platformType=KAKAO, email='soojeang0521@naver.com', accessToken='Ik_4D4YbM2LLSfLNN1giR9JfEx3z7_S3cMZBrQopdSkAAAF4akoVsw', refreshToken='null', password='cadecac8-1be7-4778-9368-1d9b77be3977', userName='박수정', profileImage='http://k.kakaocdn.net/dn/rknxG/btq0egQJwIq/tC6IMjQBei1ngxQhnAV13k/img_640x640.jpg', role='USER', isAuth=true}
2021-06-30 20:55:09.502  INFO 30480 --- [           main] kr.rlog.batch.account.AccountService     : ===== USER : Account{id=42, platformType=RLOG, email='yeonghak77@naver.com', accessToken='null', refreshToken='null', password='{bcrypt}$2a$10$NzLuvhSb7.2zi5frLgflZeJmnzj1N8vTDL/IDNKkElrjgMt3C1Esm', userName='아이유', profileImage='http://www.sisunnews.co.kr/news/photo/201903/99493_218919_2219.jpg', role='USER', isAuth=true}
2021-06-30 20:55:09.502  INFO 30480 --- [           main] kr.rlog.batch.account.AccountService     : ===== USER : Account{id=57, platformType=KAKAO, email='free_sin@naver.com', accessToken='paXIEsbQ3ir86H5UGgGABjcp9pRKFqLLWZNHywo9dRoAAAF49PIgcg', refreshToken='null', password='bfcb2b66-490f-4031-8fe9-0f265c1028c2', userName='박도현', profileImage='https://rlog.or.kr/assets/img/illustrations/profiles/profile-2.png', role='USER', isAuth=true}
2021-06-30 20:55:09.503  INFO 30480 --- [           main] kr.rlog.batch.account.AccountService     : ====================================================================END====================================================================
Hibernate: select account0_.id as id1_0_, account0_.created_date as created_2_0_, account0_.modified_date as modified3_0_, account0_.access_token as access_t4_0_, account0_.email as email5_0_, account0_.is_auth as is_auth6_0_, account0_.password as password7_0_, account0_.platform_type as platform8_0_, account0_.profile_image as profile_9_0_, account0_.recv_mail as recv_ma10_0_, account0_.refresh_token as refresh11_0_, account0_.role as role12_0_, account0_.user_name as user_na13_0_ from tbl_account account0_ where account0_.is_auth=?
2021-06-30 20:55:09.575  INFO 30480 --- [           main] kr.rlog.batch.account.AccountService     : DELETE NON AUTH ACCOUNT : FAIL ...
2021-06-30 20:55:09.575  INFO 30480 --- [           main] kr.rlog.batch.account.AccountService     : DELETE ACCOUNT COUNT : 0
Hibernate: select account0_.id as id1_0_, account0_.created_date as created_2_0_, account0_.modified_date as modified3_0_, account0_.access_token as access_t4_0_, account0_.email as email5_0_, account0_.is_auth as is_auth6_0_, account0_.password as password7_0_, account0_.platform_type as platform8_0_, account0_.profile_image as profile_9_0_, account0_.recv_mail as recv_ma10_0_, account0_.refresh_token as refresh11_0_, account0_.role as role12_0_, account0_.user_name as user_na13_0_ from tbl_account account0_
2021-06-30 20:55:09.652  INFO 30480 --- [           main] kr.rlog.batch.account.AccountService     : ====================================================================ALL ACCOUNT LIST====================================================================
2021-06-30 20:55:09.652  INFO 30480 --- [           main] kr.rlog.batch.account.AccountService     : ===== SIZE : 5
2021-06-30 20:55:09.652  INFO 30480 --- [           main] kr.rlog.batch.account.AccountService     : ===== USER : Account{id=1, platformType=RLOG, email='skdltmwotjd@naver.com', accessToken='null', refreshToken='null', password='{bcrypt}$2a$10$.RCQnkSVtzpetWXwHFDoOe9pTXtW795Ntnr0u85qoW2DejnGT5k1m', userName='Rojae', profileImage='http://localhost:8080/image/84', role='ADMIN', isAuth=true}
2021-06-30 20:55:09.652  INFO 30480 --- [           main] kr.rlog.batch.account.AccountService     : ===== USER : Account{id=2, platformType=KAKAO, email='sesh5@daum.net', accessToken='jVAaapprVT5rLf02LyNpGloXXLNsjHFnlIlECwopyNgAAAF4ajffow', refreshToken='null', password='a60b1220-9a7b-400b-bfab-77ac15c149a9', userName='오서윤', profileImage='http://k.kakaocdn.net/dn/dCnyQg/btqZBee8L7O/ZpPgHFr0QjblksDcwTf6fK/img_640x640.jpg', role='USER', isAuth=true}
2021-06-30 20:55:09.652  INFO 30480 --- [           main] kr.rlog.batch.account.AccountService     : ===== USER : Account{id=3, platformType=KAKAO, email='soojeang0521@naver.com', accessToken='Ik_4D4YbM2LLSfLNN1giR9JfEx3z7_S3cMZBrQopdSkAAAF4akoVsw', refreshToken='null', password='cadecac8-1be7-4778-9368-1d9b77be3977', userName='박수정', profileImage='http://k.kakaocdn.net/dn/rknxG/btq0egQJwIq/tC6IMjQBei1ngxQhnAV13k/img_640x640.jpg', role='USER', isAuth=true}
2021-06-30 20:55:09.652  INFO 30480 --- [           main] kr.rlog.batch.account.AccountService     : ===== USER : Account{id=42, platformType=RLOG, email='yeonghak77@naver.com', accessToken='null', refreshToken='null', password='{bcrypt}$2a$10$NzLuvhSb7.2zi5frLgflZeJmnzj1N8vTDL/IDNKkElrjgMt3C1Esm', userName='아이유', profileImage='http://www.sisunnews.co.kr/news/photo/201903/99493_218919_2219.jpg', role='USER', isAuth=true}
2021-06-30 20:55:09.652  INFO 30480 --- [           main] kr.rlog.batch.account.AccountService     : ===== USER : Account{id=57, platformType=KAKAO, email='free_sin@naver.com', accessToken='paXIEsbQ3ir86H5UGgGABjcp9pRKFqLLWZNHywo9dRoAAAF49PIgcg', refreshToken='null', password='bfcb2b66-490f-4031-8fe9-0f265c1028c2', userName='박도현', profileImage='https://rlog.or.kr/assets/img/illustrations/profiles/profile-2.png', role='USER', isAuth=true}
2021-06-30 20:55:09.652  INFO 30480 --- [           main] kr.rlog.batch.account.AccountService     : ====================================================================END====================================================================
2021-06-30 20:55:09.689  INFO 30480 --- [           main] o.s.batch.core.step.AbstractStep         : Step: [step] executed in 446ms
2021-06-30 20:55:09.808  INFO 30480 --- [           main] o.s.b.c.l.support.SimpleJobLauncher      : Job: [SimpleJob: [name=job]] completed with the following parameters: [{date=1625054101}] and the following status: [COMPLETED] in 840ms
2021-06-30 20:55:09.811  INFO 30480 --- [           main] kr.rlog.batch.Application                : ==================================================================== 배치 프로세스 종료 ====================================================================
2021-06-30 20:55:09.852  INFO 30480 --- [           main] o.s.s.concurrent.ThreadPoolTaskExecutor  : Shutting down ExecutorService 'applicationTaskExecutor'
2021-06-30 20:55:09.853  INFO 30480 --- [           main] j.LocalContainerEntityManagerFactoryBean : Closing JPA EntityManagerFactory for persistence unit 'default'
2021-06-30 20:55:09.854  INFO 30480 --- [           main] com.zaxxer.hikari.HikariDataSource       : HikariPool-1 - Shutdown initiated...
2021-06-30 20:55:09.865  INFO 30480 --- [           main] com.zaxxer.hikari.HikariDataSource       : HikariPool-1 - Shutdown completed.
